<?xml version="1.0" encoding="UTF-8"?>
<!-- Generated by org.testng.reporters.JUnitReportReporter -->
<testsuite skipped="0" hostname="Lenovo" name="org.sample.TestNG1" tests="1" failures="0" timestamp="22 Jun 2022 12:27:55 GMT" time="1.130" errors="0">
  <testcase name="testCase1" time="1.130" classname="org.sample.TestNG1"/>
</testsuite> <!-- org.sample.TestNG1 -->
