<?xml version="1.0" encoding="UTF-8"?>
<!-- Generated by org.testng.reporters.JUnitReportReporter -->
<testsuite skipped="1" hostname="Lenovo" name="org.sample.TestNG2" tests="5" failures="0" timestamp="24 Jun 2022 12:53:37 GMT" time="0.100" errors="0">
  <testcase name="testCase1" time="0.053" classname="org.sample.TestNG2"/>
  <testcase name="testCase4" time="0.016" classname="org.sample.TestNG2"/>
  <testcase name="testCase4" time="0.016" classname="org.sample.TestNG2"/>
  <testcase name="testCase2" time="0.015" classname="org.sample.TestNG2"/>
  <testcase name="testCase3" classname="org.sample.TestNG2">
    <skipped/>
  </testcase> <!-- testCase3 -->
</testsuite> <!-- org.sample.TestNG2 -->
